<?xml version="1.0" encoding="UTF-8"?>
<!-- Generated by org.testng.reporters.JUnitReportReporter -->
<testsuite hostname="zhangh-PC" name="com.justsy.dbfit.core.UserMapperTest" tests="1" failures="0" timestamp="3 Jun 2013 13:57:13 GMT" time="0.491" errors="0">
  <testcase name="test" time="0.491" classname="com.justsy.dbfit.core.UserMapperTest"/>
</testsuite> <!-- com.justsy.dbfit.core.UserMapperTest -->
