<?xml version="1.0" encoding="UTF-8"?>
<!-- Generated by org.testng.reporters.JUnitReportReporter -->
<testsuite hostname="zhangh-PC" name="com.justsy.dbfit.core.LoggerTest" tests="1" failures="0" timestamp="5 Jun 2013 02:35:57 GMT" time="0.293" errors="0">
  <testcase name="test" time="0.293" classname="com.justsy.dbfit.core.LoggerTest"/>
</testsuite> <!-- com.justsy.dbfit.core.LoggerTest -->
